  Box.cpp
C:\Users\steve\source\repos\Tetris\Tetris\Box.cpp(47,9): warning C4102: 'Default': unreferenced label
  Game.cpp
C:\Users\steve\source\repos\Tetris\Tetris\Game.cpp(13,12): warning C4244: 'argument': conversion from 'time_t' to 'unsigned int', possible loss of data
C:\Users\steve\source\repos\Tetris\Tetris\Game.cpp(24,56): warning C4244: 'argument': conversion from 'int' to 'T', possible loss of data
          with
          [
              T=float
          ]
C:\Users\steve\source\repos\Tetris\Tetris\Game.cpp(24,48): warning C4244: 'argument': conversion from 'int' to 'T', possible loss of data
          with
          [
              T=float
          ]
C:\Users\steve\source\repos\Tetris\Tetris\Game.cpp(32,64): warning C4244: 'argument': conversion from 'int' to 'T', possible loss of data
          with
          [
              T=float
          ]
C:\Users\steve\source\repos\Tetris\Tetris\Game.cpp(32,50): warning C4244: 'argument': conversion from 'int' to 'T', possible loss of data
          with
          [
              T=float
          ]
  Player.cpp
  Main.cpp
  Generating code
  Previous IPDB not found, fall back to full compilation.
  All 171 functions were compiled because no usable IPDB/IOBJ from previous compilation was found.
  Finished generating code
  Tetris.vcxproj -> C:\Users\steve\source\repos\Tetris\Release\Tetris.exe
