  Game.cpp
C:\Users\steve\source\repos\Tetris\Tetris\Game.cpp(13,12): warning C4244: 'argument': conversion from 'time_t' to 'unsigned int', possible loss of data
C:\Users\steve\source\repos\Tetris\Tetris\Game.cpp(24,56): warning C4244: 'argument': conversion from 'int' to 'T', possible loss of data
          with
          [
              T=float
          ]
C:\Users\steve\source\repos\Tetris\Tetris\Game.cpp(24,48): warning C4244: 'argument': conversion from 'int' to 'T', possible loss of data
          with
          [
              T=float
          ]
C:\Users\steve\source\repos\Tetris\Tetris\Game.cpp(32,64): warning C4244: 'argument': conversion from 'int' to 'T', possible loss of data
          with
          [
              T=float
          ]
C:\Users\steve\source\repos\Tetris\Tetris\Game.cpp(32,50): warning C4244: 'argument': conversion from 'int' to 'T', possible loss of data
          with
          [
              T=float
          ]
  Tetris.vcxproj -> C:\Users\steve\source\repos\Tetris\Debug\Tetris.exe
